[2023-04-02 17:48:30] INFO: GTDB-Tk v2.1.0
[2023-04-02 17:48:30] INFO: gtdbtk infer --msa_file 06_MAG_binning/gtdbtk_out_dir/align/gtdbtk.bac120.user_msa.fasta.gz --out_dir gtdb_inferred_tree
[2023-04-02 17:48:30] INFO: Using GTDB-Tk reference data version r207: /work/FAC/FBM/DMF/pengel/spirit/aprasad/gtdb/release207_v2/
[2023-04-02 17:48:30] ERROR: Input file does not exist: 06_MAG_binning/gtdbtk_out_dir/align/gtdbtk.bac120.user_msa.fasta.gz
[2023-04-02 17:48:31] ERROR: Controlled exit resulting from an unrecoverable error or warning.

================================================================================
EXCEPTION: BioLibFileNotFound
  MESSAGE: Input file does not exist: 06_MAG_binning/gtdbtk_out_dir/align/gtdbtk.bac120.user_msa.fasta.gz
________________________________________________________________________________

Traceback (most recent call last):
  File "/work/FAC/FBM/DMF/pengel/spirit/aprasad/Miniconda3/envs/211018_Medgenome_india_samples-gtdb-env/lib/python3.8/site-packages/gtdbtk/__main__.py", line 98, in main
    gt_parser.parse_options(args)
  File "/work/FAC/FBM/DMF/pengel/spirit/aprasad/Miniconda3/envs/211018_Medgenome_india_samples-gtdb-env/lib/python3.8/site-packages/gtdbtk/main.py", line 843, in parse_options
    self.infer(options)
  File "/work/FAC/FBM/DMF/pengel/spirit/aprasad/Miniconda3/envs/211018_Medgenome_india_samples-gtdb-env/lib/python3.8/site-packages/gtdbtk/main.py", line 321, in infer
    check_file_exists(options.msa_file)
  File "/work/FAC/FBM/DMF/pengel/spirit/aprasad/Miniconda3/envs/211018_Medgenome_india_samples-gtdb-env/lib/python3.8/site-packages/gtdbtk/biolib_lite/common.py", line 96, in check_file_exists
    raise BioLibFileNotFound('Input file does not exist: ' + input_file)
gtdbtk.biolib_lite.exceptions.BioLibFileNotFound: Input file does not exist: 06_MAG_binning/gtdbtk_out_dir/align/gtdbtk.bac120.user_msa.fasta.gz
================================================================================
[2023-04-02 17:49:11] INFO: GTDB-Tk v2.1.0
[2023-04-02 17:49:11] INFO: gtdbtk infer --msa_file ../06_MAG_binning/gtdbtk_out_dir/align/gtdbtk.bac120.user_msa.fasta.gz --out_dir gtdb_inferred_tree
[2023-04-02 17:49:11] INFO: Using GTDB-Tk reference data version r207: /work/FAC/FBM/DMF/pengel/spirit/aprasad/gtdb/release207_v2/
[2023-04-02 17:49:11] INFO: Inferring FastTree (WAG, SH support values) using a maximum of 1 CPUs.
[2023-04-02 17:57:33] INFO: FastTree version: 2.1.11
[2023-04-02 17:57:33] INFO: Done.
