FastTree Version 2.1.11 Double precision (No SSE3)
Alignment: /tmp/26920148/gtdbtk_ur7vxy4g/gtdbtk.bac120.user_msa.fasta
Amino acid distances: BLOSUM45 Joins: balanced Support: SH-like 1000
Search: Normal +NNI +SPR (2 rounds range 10) +ML-NNI opt-each=1
TopHits: 1.00*sqrtN close=default refresh=0.80
ML Model: Whelan-And-Goldman, CAT approximation with 20 rate categories
Ignored unknown character X (seen 69 times)
      0.19 seconds: Top hits for    287 of    764 seqs (at seed    100)
      0.34 seconds: Top hits for    606 of    764 seqs (at seed    300)
      0.47 seconds: Top hits for    695 of    764 seqs (at seed    600)
      0.61 seconds: Checking top hits for      1 of    764 seqs
      1.13 seconds: Joined    100 of    761
      1.73 seconds: Joined    200 of    761
      2.30 seconds: Joined    300 of    761
      2.84 seconds: Joined    400 of    761
      3.27 seconds: Joined    500 of    761
      3.78 seconds: Joined    600 of    761
      4.23 seconds: Joined    700 of    761
Initial topology in 4.49 seconds
Refining topology: 38 rounds ME-NNIs, 2 rounds ME-SPRs, 19 rounds ML-NNIs
      4.49 seconds: ME NNI round 1 of 38, 1 of 762 splits
      4.61 seconds: ME NNI round 1 of 38, 201 of 762 splits, 83 changes (max delta 0.248)
      4.74 seconds: ME NNI round 1 of 38, 401 of 762 splits, 170 changes (max delta 0.248)
      4.86 seconds: ME NNI round 1 of 38, 601 of 762 splits, 271 changes (max delta 0.412)
      4.99 seconds: ME NNI round 2 of 38, 101 of 762 splits, 14 changes (max delta 0.047)
      5.11 seconds: ME NNI round 2 of 38, 301 of 762 splits, 81 changes (max delta 0.047)
      5.22 seconds: ME NNI round 2 of 38, 501 of 762 splits, 151 changes (max delta 0.095)
      5.33 seconds: ME NNI round 2 of 38, 701 of 762 splits, 199 changes (max delta 0.095)
      5.46 seconds: ME NNI round 3 of 38, 201 of 762 splits, 22 changes (max delta 0.017)
      5.57 seconds: ME NNI round 3 of 38, 401 of 762 splits, 74 changes (max delta 0.064)
      5.67 seconds: ME NNI round 3 of 38, 601 of 762 splits, 105 changes (max delta 0.081)
      5.78 seconds: ME NNI round 4 of 38, 101 of 762 splits, 13 changes (max delta 0.001)
      5.93 seconds: ME NNI round 4 of 38, 401 of 762 splits, 51 changes (max delta 0.014)
      6.03 seconds: ME NNI round 4 of 38, 601 of 762 splits, 73 changes (max delta 0.014)
      6.14 seconds: ME NNI round 5 of 38, 201 of 762 splits, 17 changes (max delta 0.009)
      6.25 seconds: ME NNI round 5 of 38, 401 of 762 splits, 46 changes (max delta 0.024)
      6.39 seconds: ME NNI round 6 of 38, 201 of 762 splits, 34 changes (max delta 0.018)
      6.54 seconds: ME NNI round 7 of 38, 101 of 762 splits, 11 changes (max delta 0.003)
      6.69 seconds: ME NNI round 8 of 38, 101 of 762 splits, 8 changes (max delta 0.015)
      6.80 seconds: ME NNI round 9 of 38, 101 of 762 splits, 6 changes (max delta 0.029)
      7.56 seconds: SPR round   1 of   2, 101 of 1526 nodes
      8.33 seconds: SPR round   1 of   2, 201 of 1526 nodes
      9.14 seconds: SPR round   1 of   2, 301 of 1526 nodes
      9.98 seconds: SPR round   1 of   2, 401 of 1526 nodes
     10.74 seconds: SPR round   1 of   2, 501 of 1526 nodes
     11.51 seconds: SPR round   1 of   2, 601 of 1526 nodes
     13.37 seconds: SPR round   1 of   2, 801 of 1526 nodes
     14.14 seconds: SPR round   1 of   2, 901 of 1526 nodes
     15.01 seconds: SPR round   1 of   2, 1001 of 1526 nodes
     15.85 seconds: SPR round   1 of   2, 1101 of 1526 nodes
     16.73 seconds: SPR round   1 of   2, 1201 of 1526 nodes
     18.60 seconds: SPR round   1 of   2, 1401 of 1526 nodes
     19.26 seconds: SPR round   1 of   2, 1501 of 1526 nodes
     19.43 seconds: ME NNI round 13 of 38, 1 of 762 splits
     19.53 seconds: ME NNI round 13 of 38, 201 of 762 splits, 7 changes (max delta 0.052)
     19.68 seconds: ME NNI round 13 of 38, 501 of 762 splits, 25 changes (max delta 0.052)
     19.81 seconds: ME NNI round 14 of 38, 1 of 762 splits
     19.96 seconds: ME NNI round 14 of 38, 301 of 762 splits, 5 changes (max delta 0.021)
     20.07 seconds: ME NNI round 14 of 38, 501 of 762 splits, 14 changes (max delta 0.021)
     20.20 seconds: ME NNI round 15 of 38, 1 of 762 splits
     20.31 seconds: ME NNI round 15 of 38, 201 of 762 splits, 14 changes (max delta 0.034)
     20.45 seconds: ME NNI round 17 of 38, 101 of 762 splits, 9 changes (max delta 0.030)
     20.56 seconds: ME NNI round 20 of 38, 1 of 762 splits
     20.69 seconds: SPR round   2 of   2, 1 of 1526 nodes
     21.35 seconds: SPR round   2 of   2, 101 of 1526 nodes
     22.04 seconds: SPR round   2 of   2, 201 of 1526 nodes
     22.79 seconds: SPR round   2 of   2, 301 of 1526 nodes
     23.64 seconds: SPR round   2 of   2, 401 of 1526 nodes
     24.38 seconds: SPR round   2 of   2, 501 of 1526 nodes
     25.22 seconds: SPR round   2 of   2, 601 of 1526 nodes
     25.88 seconds: SPR round   2 of   2, 701 of 1526 nodes
     26.58 seconds: SPR round   2 of   2, 801 of 1526 nodes
     27.57 seconds: SPR round   2 of   2, 901 of 1526 nodes
     28.16 seconds: SPR round   2 of   2, 1001 of 1526 nodes
     29.03 seconds: SPR round   2 of   2, 1101 of 1526 nodes
     29.78 seconds: SPR round   2 of   2, 1201 of 1526 nodes
     30.54 seconds: SPR round   2 of   2, 1301 of 1526 nodes
     31.36 seconds: SPR round   2 of   2, 1401 of 1526 nodes
     32.59 seconds: ME NNI round 25 of 38, 1 of 762 splits
     32.74 seconds: ME NNI round 25 of 38, 301 of 762 splits, 8 changes (max delta 0.001)
     32.84 seconds: ME NNI round 25 of 38, 501 of 762 splits, 10 changes (max delta 0.005)
     32.98 seconds: ME NNI round 26 of 38, 1 of 762 splits
     33.13 seconds: ME NNI round 26 of 38, 301 of 762 splits, 3 changes (max delta 0.004)
     33.23 seconds: ME NNI round 26 of 38, 501 of 762 splits, 3 changes (max delta 0.004)
     33.36 seconds: ME NNI round 27 of 38, 1 of 762 splits
Total branch-length 21.745 after 33.98 sec
     34.01 seconds: ML Lengths 1 of 762 splits
     36.65 seconds: ML Lengths 101 of 762 splits
     39.30 seconds: ML Lengths 201 of 762 splits
     41.98 seconds: ML Lengths 301 of 762 splits
     44.65 seconds: ML Lengths 401 of 762 splits
     47.33 seconds: ML Lengths 501 of 762 splits
     49.97 seconds: ML Lengths 601 of 762 splits
     52.64 seconds: ML Lengths 701 of 762 splits
     54.24 seconds: ML NNI round 1 of 19, 1 of 762 splits
     63.74 seconds: ML NNI round 1 of 19, 101 of 762 splits, 40 changes (max delta 47.960)
     72.86 seconds: ML NNI round 1 of 19, 201 of 762 splits, 69 changes (max delta 66.376)
     82.58 seconds: ML NNI round 1 of 19, 301 of 762 splits, 106 changes (max delta 66.376)
     92.12 seconds: ML NNI round 1 of 19, 401 of 762 splits, 147 changes (max delta 66.376)
    101.67 seconds: ML NNI round 1 of 19, 501 of 762 splits, 188 changes (max delta 110.685)
    111.66 seconds: ML NNI round 1 of 19, 601 of 762 splits, 235 changes (max delta 119.114)
    120.91 seconds: ML NNI round 1 of 19, 701 of 762 splits, 268 changes (max delta 119.114)
ML-NNI round 1: LogLk = -360073.007 NNIs 287 max delta 119.11 Time 126.46
    128.19 seconds: Site likelihoods with rate category 1 of 20
    129.92 seconds: Site likelihoods with rate category 2 of 20
    131.66 seconds: Site likelihoods with rate category 3 of 20
    133.39 seconds: Site likelihoods with rate category 4 of 20
    135.12 seconds: Site likelihoods with rate category 5 of 20
    136.85 seconds: Site likelihoods with rate category 6 of 20
    138.59 seconds: Site likelihoods with rate category 7 of 20
    140.32 seconds: Site likelihoods with rate category 8 of 20
    142.06 seconds: Site likelihoods with rate category 9 of 20
    143.79 seconds: Site likelihoods with rate category 10 of 20
    145.52 seconds: Site likelihoods with rate category 11 of 20
    147.26 seconds: Site likelihoods with rate category 12 of 20
    148.99 seconds: Site likelihoods with rate category 13 of 20
    150.72 seconds: Site likelihoods with rate category 14 of 20
    152.46 seconds: Site likelihoods with rate category 15 of 20
    154.19 seconds: Site likelihoods with rate category 16 of 20
    155.92 seconds: Site likelihoods with rate category 17 of 20
    157.66 seconds: Site likelihoods with rate category 18 of 20
    159.39 seconds: Site likelihoods with rate category 19 of 20
    161.12 seconds: Site likelihoods with rate category 20 of 20
Switched to using 20 rate categories (CAT approximation)
Rate categories were divided by 1.001 so that average rate = 1.0
CAT-based log-likelihoods may not be comparable across runs
Use -gamma for approximate but comparable Gamma(20) log-likelihoods
    164.44 seconds: ML NNI round 2 of 19, 1 of 762 splits
    171.79 seconds: ML NNI round 2 of 19, 101 of 762 splits, 20 changes (max delta 10.134)
    178.23 seconds: ML NNI round 2 of 19, 201 of 762 splits, 39 changes (max delta 10.134)
    186.42 seconds: ML NNI round 2 of 19, 301 of 762 splits, 64 changes (max delta 12.869)
    194.18 seconds: ML NNI round 2 of 19, 401 of 762 splits, 89 changes (max delta 12.869)
    202.23 seconds: ML NNI round 2 of 19, 501 of 762 splits, 114 changes (max delta 61.905)
    209.26 seconds: ML NNI round 2 of 19, 601 of 762 splits, 133 changes (max delta 134.321)
    216.39 seconds: ML NNI round 2 of 19, 701 of 762 splits, 155 changes (max delta 134.321)
ML-NNI round 2: LogLk = -338744.204 NNIs 172 max delta 134.32 Time 221.51
    221.51 seconds: ML NNI round 3 of 19, 1 of 762 splits
    227.72 seconds: ML NNI round 3 of 19, 101 of 762 splits, 13 changes (max delta 140.046)
    233.38 seconds: ML NNI round 3 of 19, 201 of 762 splits, 25 changes (max delta 140.046)
    240.05 seconds: ML NNI round 3 of 19, 301 of 762 splits, 42 changes (max delta 140.046)
    246.38 seconds: ML NNI round 3 of 19, 401 of 762 splits, 59 changes (max delta 140.046)
    253.32 seconds: ML NNI round 3 of 19, 501 of 762 splits, 76 changes (max delta 140.046)
    259.70 seconds: ML NNI round 3 of 19, 601 of 762 splits, 92 changes (max delta 140.046)
ML-NNI round 3: LogLk = -338129.730 NNIs 100 max delta 140.05 Time 263.55
    263.54 seconds: ML NNI round 4 of 19, 1 of 762 splits
    268.35 seconds: ML NNI round 4 of 19, 101 of 762 splits, 4 changes (max delta 0.023)
    273.26 seconds: ML NNI round 4 of 19, 201 of 762 splits, 9 changes (max delta 6.604)
    280.23 seconds: ML NNI round 4 of 19, 301 of 762 splits, 31 changes (max delta 96.593)
    285.54 seconds: ML NNI round 4 of 19, 401 of 762 splits, 42 changes (max delta 96.593)
    291.37 seconds: ML NNI round 4 of 19, 501 of 762 splits, 54 changes (max delta 120.630)
ML-NNI round 4: LogLk = -337699.452 NNIs 60 max delta 120.63 Time 292.24
    292.24 seconds: ML NNI round 5 of 19, 1 of 762 splits
    297.10 seconds: ML NNI round 5 of 19, 101 of 762 splits, 4 changes (max delta 2.887)
    304.01 seconds: ML NNI round 5 of 19, 201 of 762 splits, 27 changes (max delta 9.204)
    309.50 seconds: ML NNI round 5 of 19, 301 of 762 splits, 44 changes (max delta 9.204)
ML-NNI round 5: LogLk = -337599.315 NNIs 47 max delta 26.99 Time 311.16
    311.16 seconds: ML NNI round 6 of 19, 1 of 762 splits
    318.76 seconds: ML NNI round 6 of 19, 101 of 762 splits, 20 changes (max delta 42.487)
    324.28 seconds: ML NNI round 6 of 19, 201 of 762 splits, 31 changes (max delta 42.487)
ML-NNI round 6: LogLk = -337461.160 NNIs 34 max delta 42.49 Time 325.24
    325.23 seconds: ML NNI round 7 of 19, 1 of 762 splits
    332.36 seconds: ML NNI round 7 of 19, 101 of 762 splits, 19 changes (max delta 8.380)
ML-NNI round 7: LogLk = -337416.481 NNIs 24 max delta 8.38 Time 336.79
    336.78 seconds: ML NNI round 8 of 19, 1 of 762 splits
    343.84 seconds: ML NNI round 8 of 19, 101 of 762 splits, 15 changes (max delta 4.644)
ML-NNI round 8: LogLk = -337403.084 NNIs 17 max delta 4.64 Time 345.53
    345.53 seconds: ML NNI round 9 of 19, 1 of 762 splits
    350.54 seconds: ML NNI round 9 of 19, 101 of 762 splits, 6 changes (max delta 9.878)
ML-NNI round 9: LogLk = -337392.348 NNIs 6 max delta 9.88 Time 350.78
    350.77 seconds: ML NNI round 10 of 19, 1 of 762 splits
ML-NNI round 10: LogLk = -337387.999 NNIs 8 max delta 3.39 Time 354.04
    354.03 seconds: ML NNI round 11 of 19, 1 of 762 splits
ML-NNI round 11: LogLk = -337379.495 NNIs 4 max delta 5.15 Time 355.97
    355.97 seconds: ML NNI round 12 of 19, 1 of 762 splits
ML-NNI round 12: LogLk = -337379.154 NNIs 3 max delta 0.00 Time 357.85
Turning off heuristics for final round of ML NNIs (converged)
    357.85 seconds: ML NNI round 13 of 19, 1 of 762 splits
    366.51 seconds: ML NNI round 13 of 19, 101 of 762 splits, 1 changes (max delta 0.033)
    375.42 seconds: ML NNI round 13 of 19, 201 of 762 splits, 4 changes (max delta 0.033)
    384.32 seconds: ML NNI round 13 of 19, 301 of 762 splits, 6 changes (max delta 1.716)
    393.00 seconds: ML NNI round 13 of 19, 401 of 762 splits, 11 changes (max delta 1.716)
    401.61 seconds: ML NNI round 13 of 19, 501 of 762 splits, 15 changes (max delta 25.902)
    410.89 seconds: ML NNI round 13 of 19, 601 of 762 splits, 19 changes (max delta 25.902)
    419.56 seconds: ML NNI round 13 of 19, 701 of 762 splits, 23 changes (max delta 25.902)
ML-NNI round 13: LogLk = -337297.529 NNIs 25 max delta 25.90 Time 424.79 (final)
    424.79 seconds: ML Lengths 1 of 762 splits
    427.28 seconds: ML Lengths 101 of 762 splits
    429.73 seconds: ML Lengths 201 of 762 splits
    432.09 seconds: ML Lengths 301 of 762 splits
    434.39 seconds: ML Lengths 401 of 762 splits
    436.73 seconds: ML Lengths 501 of 762 splits
    439.14 seconds: ML Lengths 601 of 762 splits
    441.50 seconds: ML Lengths 701 of 762 splits
Optimize all lengths: LogLk = -337274.090 Time 443.00
    450.56 seconds: ML split tests for    100 of    761 internal splits
    458.40 seconds: ML split tests for    200 of    761 internal splits
    466.21 seconds: ML split tests for    300 of    761 internal splits
    473.92 seconds: ML split tests for    400 of    761 internal splits
    481.53 seconds: ML split tests for    500 of    761 internal splits
    489.28 seconds: ML split tests for    600 of    761 internal splits
    496.70 seconds: ML split tests for    700 of    761 internal splits
Total time: 501.28 seconds Unique: 764/779 Bad splits: 2/761 Worst delta-LogLk 12.788
